Using pre-set license
Built from '2020.3/staging' branch; Version is '2020.3.11f1 (99c7afb366b3) revision 10078127'; Using compiler version '192528614'; Build Type 'Release'
OS: 'Windows 10 Pro; OS build 19041.1165; Version 2004; 64bit' Language: 'en' Physical Memory: 7654 MB
BatchMode: 1, IsHumanControllingUs: 0, StartBugReporterOnCrash: 0, Is64bit: 1, IsPro: 0

 COMMAND LINE ARGUMENTS:
C:\Program Files\Unity\Hub\Editor\2020.3.11f1\Editor\Unity.exe
-adb2
-batchMode
-noUpm
-name
AssetImportWorker2
-projectPath
C:/Hoc Tap/LapTrinhGame/LapTrinhGame/Game Xep Gach
-logFile
Logs/AssetImportWorker2.log
-srvPort
50434
Successfully changed project path to: C:/Hoc Tap/LapTrinhGame/LapTrinhGame/Game Xep Gach
C:/Hoc Tap/LapTrinhGame/LapTrinhGame/Game Xep Gach
Using Asset Import Pipeline V2.
Refreshing native plugins compatible for Editor in 155.53 ms, found 3 plugins.
Preloading 0 native plugins for Editor in 0.00 ms.
Initialize engine version: 2020.3.11f1 (99c7afb366b3)
[Subsystems] Discovering subsystems at path C:/Program Files/Unity/Hub/Editor/2020.3.11f1/Editor/Data/Resources/UnitySubsystems
[Subsystems] Discovering subsystems at path C:/Hoc Tap/LapTrinhGame/LapTrinhGame/Game Xep Gach/Assets
GfxDevice: creating device client; threaded=0
Direct3D:
    Version:  Direct3D 11.0 [level 11.0]
    Renderer: AMD Radeon HD 6620G (ID=0x9641)
    Vendor:   
    VRAM:     495 MB
    Driver:   15.201.1151.0
Initialize mono
Mono path[0] = 'C:/Program Files/Unity/Hub/Editor/2020.3.11f1/Editor/Data/Managed'
Mono path[1] = 'C:/Program Files/Unity/Hub/Editor/2020.3.11f1/Editor/Data/MonoBleedingEdge/lib/mono/unityjit'
Mono config path = 'C:/Program Files/Unity/Hub/Editor/2020.3.11f1/Editor/Data/MonoBleedingEdge/etc'
Using monoOptions --debugger-agent=transport=dt_socket,embedding=1,server=y,suspend=n,address=127.0.0.1:56372
Begin MonoManager ReloadAssembly
Registering precompiled unity dll's ...
Register platform support module: C:/Program Files/Unity/Hub/Editor/2020.3.11f1/Editor/Data/PlaybackEngines/WindowsStandaloneSupport/UnityEditor.WindowsStandalone.Extensions.dll
Registered in 0.010723 seconds.
Native extension for WindowsStandalone target not found
Refreshing native plugins compatible for Editor in 150.28 ms, found 3 plugins.
Preloading 0 native plugins for Editor in 0.00 ms.
Mono: successfully reloaded assembly
- Completed reload, in  4.823 seconds
Platform modules already initialized, skipping
Registering precompiled user dll's ...
Registered in 0.014308 seconds.
Begin MonoManager ReloadAssembly
Native extension for WindowsStandalone target not found
Refreshing native plugins compatible for Editor in 126.71 ms, found 3 plugins.
Preloading 0 native plugins for Editor in 0.00 ms.
Mono: successfully reloaded assembly
- Completed reload, in  4.141 seconds
Platform modules already initialized, skipping
========================================================================
Worker process is ready to serve import requests
Launched and connected shader compiler UnityShaderCompiler.exe after 0.17 seconds
Refreshing native plugins compatible for Editor in 1.62 ms, found 3 plugins.
Preloading 0 native plugins for Editor in 0.00 ms.
Unloading 2084 Unused Serialized files (Serialized files now loaded: 0)
System memory in use before: 93.1 MB.
System memory in use after: 93.0 MB.

Unloading 33 unused Assets to reduce memory usage. Loaded Objects now: 2519.
Total: 7.221379 ms (FindLiveObjects: 0.756311 ms CreateObjectMapping: 0.260089 ms MarkObjects: 5.797245 ms  DeleteObjects: 0.397956 ms)

========================================================================
Received Import Request.
  path: Assets/CauLenh/DieuKhien.cs
  artifactKey: Guid(b062d8baf2fd8b94ea790bbb8d6de093) Importer(815301076,1909f56bfc062723c751e8b465ee728b)
Start importing Assets/CauLenh/DieuKhien.cs using Guid(b062d8baf2fd8b94ea790bbb8d6de093) Importer(815301076,1909f56bfc062723c751e8b465ee728b)  -> (artifact id: '7e3c4b081d837a425fb30898d6722fdc') in 0.093738 seconds
  Import took 0.103463 seconds .

========================================================================
Received Import Request.
  Time since last request: 0.000851 seconds.
  path: Assets/CauLenh/Bien_Gioi.cs
  artifactKey: Guid(df864eeaf535b334390f922500182f44) Importer(815301076,1909f56bfc062723c751e8b465ee728b)
Start importing Assets/CauLenh/Bien_Gioi.cs using Guid(df864eeaf535b334390f922500182f44) Importer(815301076,1909f56bfc062723c751e8b465ee728b)  -> (artifact id: '03330a5fd29fb87b5b97532d74579680') in 0.015534 seconds
  Import took 0.022696 seconds .

AssetImportWorkerClient::OnTransportError - code=2 error=End of file
