Using pre-set license
Built from '2020.3/staging' branch; Version is '2020.3.9f1 (108be757e447) revision 1084391'; Using compiler version '192528614'; Build Type 'Release'
OS: 'Windows 10 Pro; OS build 19041.985; Version 2004; 64bit' Language: 'en' Physical Memory: 7654 MB
BatchMode: 1, IsHumanControllingUs: 0, StartBugReporterOnCrash: 0, Is64bit: 1, IsPro: 0

 COMMAND LINE ARGUMENTS:
C:\Program Files\Unity\Hub\Editor\2020.3.9f1\Editor\Unity.exe
-adb2
-batchMode
-noUpm
-name
AssetImportWorker5
-projectPath
C:/Hoc Tap/LapTrinhGame/LapTrinhGame/Game Xep Gach
-logFile
Logs/AssetImportWorker5.log
-srvPort
55717
Successfully changed project path to: C:/Hoc Tap/LapTrinhGame/LapTrinhGame/Game Xep Gach
C:/Hoc Tap/LapTrinhGame/LapTrinhGame/Game Xep Gach
Using Asset Import Pipeline V2.
Refreshing native plugins compatible for Editor in 184.82 ms, found 1 plugins.
Preloading 0 native plugins for Editor in 0.00 ms.
Initialize engine version: 2020.3.9f1 (108be757e447)
[Subsystems] Discovering subsystems at path C:/Program Files/Unity/Hub/Editor/2020.3.9f1/Editor/Data/Resources/UnitySubsystems
[Subsystems] Discovering subsystems at path C:/Hoc Tap/LapTrinhGame/LapTrinhGame/Game Xep Gach/Assets
GfxDevice: creating device client; threaded=0
Direct3D:
    Version:  Direct3D 11.0 [level 11.0]
    Renderer: AMD Radeon HD 6620G (ID=0x9641)
    Vendor:   
    VRAM:     495 MB
    Driver:   15.201.1151.0
Initialize mono
Mono path[0] = 'C:/Program Files/Unity/Hub/Editor/2020.3.9f1/Editor/Data/Managed'
Mono path[1] = 'C:/Program Files/Unity/Hub/Editor/2020.3.9f1/Editor/Data/MonoBleedingEdge/lib/mono/unityjit'
Mono config path = 'C:/Program Files/Unity/Hub/Editor/2020.3.9f1/Editor/Data/MonoBleedingEdge/etc'
Using monoOptions --debugger-agent=transport=dt_socket,embedding=1,server=y,suspend=n,address=127.0.0.1:56868
Begin MonoManager ReloadAssembly
Registering precompiled unity dll's ...
Register platform support module: C:/Program Files/Unity/Hub/Editor/2020.3.9f1/Editor/Data/PlaybackEngines/WebGLSupport/UnityEditor.WebGL.Extensions.dll
Register platform support module: C:/Program Files/Unity/Hub/Editor/2020.3.9f1/Editor/Data/PlaybackEngines/WindowsStandaloneSupport/UnityEditor.WindowsStandalone.Extensions.dll
Registered in 0.011233 seconds.
Native extension for WindowsStandalone target not found
Native extension for WebGL target not found
Refreshing native plugins compatible for Editor in 165.04 ms, found 1 plugins.
Preloading 0 native plugins for Editor in 0.00 ms.
Mono: successfully reloaded assembly
- Completed reload, in 12.713 seconds
Platform modules already initialized, skipping
Registering precompiled user dll's ...
Registered in 0.008598 seconds.
Begin MonoManager ReloadAssembly
Native extension for WindowsStandalone target not found
Native extension for WebGL target not found
Refreshing native plugins compatible for Editor in 166.37 ms, found 1 plugins.
Preloading 0 native plugins for Editor in 0.00 ms.
Mono: successfully reloaded assembly
- Completed reload, in  7.672 seconds
Platform modules already initialized, skipping
========================================================================
Worker process is ready to serve import requests
Launched and connected shader compiler UnityShaderCompiler.exe after 0.26 seconds
Refreshing native plugins compatible for Editor in 2.27 ms, found 1 plugins.
Preloading 0 native plugins for Editor in 0.00 ms.
Unloading 1810 Unused Serialized files (Serialized files now loaded: 0)
System memory in use before: 85.2 MB.
System memory in use after: 85.2 MB.

Unloading 24 unused Assets to reduce memory usage. Loaded Objects now: 2253.
Total: 10.618179 ms (FindLiveObjects: 0.818400 ms CreateObjectMapping: 0.166711 ms MarkObjects: 9.213601 ms  DeleteObjects: 0.407244 ms)

========================================================================
Received Import Request.
  path: Assets/CauLenh/DieuKhien.cs
  artifactKey: Guid(b062d8baf2fd8b94ea790bbb8d6de093) Importer(815301076,1909f56bfc062723c751e8b465ee728b)
Start importing Assets/CauLenh/DieuKhien.cs using Guid(b062d8baf2fd8b94ea790bbb8d6de093) Importer(815301076,1909f56bfc062723c751e8b465ee728b)  -> (artifact id: 'ef56be6b6f571e6f37460fd66ca87a33') in 0.151423 seconds
  Import took 0.167549 seconds .

========================================================================
Received Import Request.
  Time since last request: 0.000821 seconds.
  path: Assets/CauLenh/Bien_Gioi.cs
  artifactKey: Guid(df864eeaf535b334390f922500182f44) Importer(815301076,1909f56bfc062723c751e8b465ee728b)
Start importing Assets/CauLenh/Bien_Gioi.cs using Guid(df864eeaf535b334390f922500182f44) Importer(815301076,1909f56bfc062723c751e8b465ee728b)  -> (artifact id: '00000000000000000000000000000000') in 0.002650 seconds
  ERROR: Build asset version error: assets/caulenh/bien_gioi.cs in SourceAssetDB has modification time of '2021-05-27T11:54:18.5912308Z' while content on disk has modification time of '2021-05-29T08:01:21.6347845Z'
  Import took 0.011738 seconds .

========================================================================
Received Import Request.
  Time since last request: 1174.261704 seconds.
  path: Assets/CauLenh/DieuKhien.cs
  artifactKey: Guid(b062d8baf2fd8b94ea790bbb8d6de093) Importer(815301076,1909f56bfc062723c751e8b465ee728b)
Start importing Assets/CauLenh/DieuKhien.cs using Guid(b062d8baf2fd8b94ea790bbb8d6de093) Importer(815301076,1909f56bfc062723c751e8b465ee728b)  -> (artifact id: '1079020f3ff52d8723f3a9985689ac89') in 0.060479 seconds
  Import took 0.074072 seconds .

========================================================================
Received Import Request.
  Time since last request: 36.246773 seconds.
  path: Assets/CauLenh/DieuKhien.cs
  artifactKey: Guid(b062d8baf2fd8b94ea790bbb8d6de093) Importer(815301076,1909f56bfc062723c751e8b465ee728b)
Start importing Assets/CauLenh/DieuKhien.cs using Guid(b062d8baf2fd8b94ea790bbb8d6de093) Importer(815301076,1909f56bfc062723c751e8b465ee728b)  -> (artifact id: '29fef24b1b79a454e28d1b0f84e9444b') in 0.093777 seconds
  Import took 0.134548 seconds .

========================================================================
Received Prepare
Registering precompiled user dll's ...
Registered in 0.003059 seconds.
Begin MonoManager ReloadAssembly
Native extension for WindowsStandalone target not found
Native extension for WebGL target not found
Refreshing native plugins compatible for Editor in 1.11 ms, found 1 plugins.
Preloading 0 native plugins for Editor in 0.00 ms.
Mono: successfully reloaded assembly
- Completed reload, in  5.187 seconds
Platform modules already initialized, skipping
Refreshing native plugins compatible for Editor in 1.21 ms, found 1 plugins.
Preloading 0 native plugins for Editor in 0.00 ms.
Unloading 1805 Unused Serialized files (Serialized files now loaded: 0)
System memory in use before: 85.2 MB.
System memory in use after: 85.2 MB.

Unloading 12 unused Assets to reduce memory usage. Loaded Objects now: 2257.
Total: 9.016090 ms (FindLiveObjects: 1.531689 ms CreateObjectMapping: 0.432667 ms MarkObjects: 6.712445 ms  DeleteObjects: 0.330000 ms)

========================================================================
Received Import Request.
  Time since last request: 134.417429 seconds.
  path: Assets/CauLenh/DieuKhien.cs
  artifactKey: Guid(b062d8baf2fd8b94ea790bbb8d6de093) Importer(815301076,1909f56bfc062723c751e8b465ee728b)
Start importing Assets/CauLenh/DieuKhien.cs using Guid(b062d8baf2fd8b94ea790bbb8d6de093) Importer(815301076,1909f56bfc062723c751e8b465ee728b)  -> (artifact id: '7a5f06a560568e41967697825e65c320') in 0.034919 seconds
  Import took 0.048360 seconds .

========================================================================
Received Import Request.
  Time since last request: 0.141953 seconds.
  path: Assets/CauLenh/DieuKhien.cs
  artifactKey: Guid(b062d8baf2fd8b94ea790bbb8d6de093) Importer(815301076,1909f56bfc062723c751e8b465ee728b)
Start importing Assets/CauLenh/DieuKhien.cs using Guid(b062d8baf2fd8b94ea790bbb8d6de093) Importer(815301076,1909f56bfc062723c751e8b465ee728b)  -> (artifact id: '7a5f06a560568e41967697825e65c320') in 0.037273 seconds
  Import took 0.050860 seconds .

========================================================================
Received Prepare
Registering precompiled user dll's ...
Registered in 0.004900 seconds.
Begin MonoManager ReloadAssembly
Native extension for WindowsStandalone target not found
Native extension for WebGL target not found
Refreshing native plugins compatible for Editor in 1.24 ms, found 1 plugins.
Preloading 0 native plugins for Editor in 0.00 ms.
Mono: successfully reloaded assembly
- Completed reload, in  4.327 seconds
Platform modules already initialized, skipping
Refreshing native plugins compatible for Editor in 1.08 ms, found 1 plugins.
Preloading 0 native plugins for Editor in 0.00 ms.
Unloading 1805 Unused Serialized files (Serialized files now loaded: 0)
System memory in use before: 85.2 MB.
System memory in use after: 85.2 MB.

Unloading 12 unused Assets to reduce memory usage. Loaded Objects now: 2261.
Total: 8.804401 ms (FindLiveObjects: 0.917645 ms CreateObjectMapping: 0.192622 ms MarkObjects: 7.313290 ms  DeleteObjects: 0.369600 ms)

========================================================================
Received Import Request.
  Time since last request: 257.719157 seconds.
  path: Assets/CauLenh/DieuKhien.cs
  artifactKey: Guid(b062d8baf2fd8b94ea790bbb8d6de093) Importer(815301076,1909f56bfc062723c751e8b465ee728b)
Start importing Assets/CauLenh/DieuKhien.cs using Guid(b062d8baf2fd8b94ea790bbb8d6de093) Importer(815301076,1909f56bfc062723c751e8b465ee728b)  -> (artifact id: '1ef986208a2d23307704bcc5748e0ea0') in 0.113105 seconds
  Import took 0.124946 seconds .

========================================================================
Received Import Request.
  Time since last request: 0.116372 seconds.
  path: Assets/CauLenh/DieuKhien.cs
  artifactKey: Guid(b062d8baf2fd8b94ea790bbb8d6de093) Importer(815301076,1909f56bfc062723c751e8b465ee728b)
Start importing Assets/CauLenh/DieuKhien.cs using Guid(b062d8baf2fd8b94ea790bbb8d6de093) Importer(815301076,1909f56bfc062723c751e8b465ee728b)  -> (artifact id: '1ef986208a2d23307704bcc5748e0ea0') in 0.057445 seconds
  Import took 0.076603 seconds .

========================================================================
Received Prepare
Registering precompiled user dll's ...
Registered in 0.003718 seconds.
Begin MonoManager ReloadAssembly
Native extension for WindowsStandalone target not found
Native extension for WebGL target not found
Refreshing native plugins compatible for Editor in 3.99 ms, found 1 plugins.
Preloading 0 native plugins for Editor in 0.00 ms.
Mono: successfully reloaded assembly
- Completed reload, in  5.163 seconds
Platform modules already initialized, skipping
Refreshing native plugins compatible for Editor in 1.01 ms, found 1 plugins.
Preloading 0 native plugins for Editor in 0.00 ms.
Unloading 1805 Unused Serialized files (Serialized files now loaded: 0)
System memory in use before: 85.2 MB.
System memory in use after: 85.2 MB.

Unloading 12 unused Assets to reduce memory usage. Loaded Objects now: 2265.
Total: 9.061557 ms (FindLiveObjects: 0.788089 ms CreateObjectMapping: 0.167689 ms MarkObjects: 7.744490 ms  DeleteObjects: 0.351022 ms)

========================================================================
Received Prepare
Registering precompiled user dll's ...
Registered in 0.003815 seconds.
Begin MonoManager ReloadAssembly
Native extension for WindowsStandalone target not found
Native extension for WebGL target not found
Refreshing native plugins compatible for Editor in 1.02 ms, found 1 plugins.
Preloading 0 native plugins for Editor in 0.00 ms.
Mono: successfully reloaded assembly
- Completed reload, in  6.575 seconds
Platform modules already initialized, skipping
Refreshing native plugins compatible for Editor in 1.34 ms, found 1 plugins.
Preloading 0 native plugins for Editor in 0.00 ms.
Unloading 1805 Unused Serialized files (Serialized files now loaded: 0)
System memory in use before: 85.3 MB.
System memory in use after: 85.2 MB.

Unloading 12 unused Assets to reduce memory usage. Loaded Objects now: 2269.
Total: 27.814359 ms (FindLiveObjects: 3.116178 ms CreateObjectMapping: 0.261556 ms MarkObjects: 22.951870 ms  DeleteObjects: 1.474978 ms)

========================================================================
Received Prepare
Registering precompiled user dll's ...
Registered in 0.011693 seconds.
Begin MonoManager ReloadAssembly
Native extension for WindowsStandalone target not found
Native extension for WebGL target not found
Refreshing native plugins compatible for Editor in 4.12 ms, found 1 plugins.
Preloading 0 native plugins for Editor in 0.00 ms.
Mono: successfully reloaded assembly
- Completed reload, in  5.210 seconds
Platform modules already initialized, skipping
Refreshing native plugins compatible for Editor in 1.15 ms, found 1 plugins.
Preloading 0 native plugins for Editor in 0.00 ms.
Unloading 1805 Unused Serialized files (Serialized files now loaded: 0)
System memory in use before: 85.3 MB.
System memory in use after: 85.3 MB.

Unloading 12 unused Assets to reduce memory usage. Loaded Objects now: 2273.
Total: 12.578135 ms (FindLiveObjects: 4.512934 ms CreateObjectMapping: 0.383778 ms MarkObjects: 7.248268 ms  DeleteObjects: 0.420444 ms)

========================================================================
Received Prepare
Registering precompiled user dll's ...
Registered in 0.009219 seconds.
Begin MonoManager ReloadAssembly
Native extension for WindowsStandalone target not found
Native extension for WebGL target not found
Refreshing native plugins compatible for Editor in 1.52 ms, found 1 plugins.
Preloading 0 native plugins for Editor in 0.00 ms.
Mono: successfully reloaded assembly
- Completed reload, in 10.919 seconds
Platform modules already initialized, skipping
Refreshing native plugins compatible for Editor in 1.60 ms, found 1 plugins.
Preloading 0 native plugins for Editor in 0.00 ms.
Unloading 1805 Unused Serialized files (Serialized files now loaded: 0)
System memory in use before: 85.3 MB.
System memory in use after: 85.3 MB.

Unloading 12 unused Assets to reduce memory usage. Loaded Objects now: 2277.
Total: 32.460271 ms (FindLiveObjects: 1.696934 ms CreateObjectMapping: 0.513333 ms MarkObjects: 29.398848 ms  DeleteObjects: 0.837467 ms)

========================================================================
Received Prepare
Registering precompiled user dll's ...
Registered in 0.007308 seconds.
Begin MonoManager ReloadAssembly
Native extension for WindowsStandalone target not found
Native extension for WebGL target not found
Refreshing native plugins compatible for Editor in 1.03 ms, found 1 plugins.
Preloading 0 native plugins for Editor in 0.00 ms.
Mono: successfully reloaded assembly
- Completed reload, in  7.885 seconds
Platform modules already initialized, skipping
Refreshing native plugins compatible for Editor in 1.08 ms, found 1 plugins.
Preloading 0 native plugins for Editor in 0.00 ms.
Unloading 1805 Unused Serialized files (Serialized files now loaded: 0)
System memory in use before: 85.3 MB.
System memory in use after: 85.3 MB.

Unloading 12 unused Assets to reduce memory usage. Loaded Objects now: 2281.
Total: 136.869351 ms (FindLiveObjects: 3.108356 ms CreateObjectMapping: 0.874133 ms MarkObjects: 132.474728 ms  DeleteObjects: 0.397467 ms)

AssetImportWorkerClient::OnTransportError - code=2 error=End of file
